{
  "uid" : "53970135a2d88e0e",
  "name" : "test_img_visibility[incognito_mode-Logo img-768x1024]",
  "fullName" : "tests.test_start_page.TestStartPage#test_img_visibility",
  "historyId" : "e4c16e62aeca83169e5fbf663b9aeb8b",
  "time" : {
    "start" : 1721230416223,
    "stop" : 1721230416260,
    "duration" : 37
  },
  "description" : "Verify visibility of the images (Logo, Main).",
  "descriptionHtml" : "<p>Verify visibility of the images (Logo, Main).</p>\n",
  "status" : "failed",
  "statusMessage" : "AssertionError: assert False\n +  where False = <bound method StartPage.check_image_visibility of <pages.start_page.StartPage object at 0x7facae7fe550>>(<selenium.webdriver.remote.webelement.WebElement (session=\"5dc291f6e8fe13ffaa7a9ae38a9caccd\", element=\"da988ed8-20ee-45fb-8977-9a4baa9b0ded\")>, <selenium.webdriver.chrome.webdriver.WebDriver (session=\"5dc291f6e8fe13ffaa7a9ae38a9caccd\")>)\n +    where <bound method StartPage.check_image_visibility of <pages.start_page.StartPage object at 0x7facae7fe550>> = <pages.start_page.StartPage object at 0x7facae7fe550>.check_image_visibility\n +    and   <selenium.webdriver.chrome.webdriver.WebDriver (session=\"5dc291f6e8fe13ffaa7a9ae38a9caccd\")> = <pages.start_page.StartPage object at 0x7facae7fe550>.driver",
  "statusTrace" : "self = <tests.test_start_page.TestStartPage object at 0x7facaf94b310>\nstart_p = <pages.start_page.StartPage object at 0x7facae7fe550>\nimg = \"//img[@alt='Логотип']\", width = 768, height = 1024\n\n    @pytest.mark.parametrize(\"width, height\", resolution)\n    @pytest.mark.parametrize(\"img\", start_img_pc)\n    @pytest.mark.parametrize(\"browser\", [False, True],\n                             ids=[\"normal_mode\", \"incognito_mode\"],\n                             indirect=True)\n    def test_img_visibility(self, start_p, img, width, height):\n        \"\"\"Verify visibility of the images (Logo, Main).\"\"\"\n        logo_img = start_p.get_element(img)\n    \n        with allure.step(\"Verify visibility of the image\"):\n>           assert start_p.check_image_visibility(logo_img, start_p.driver)\nE           assert False\nE            +  where False = <bound method StartPage.check_image_visibility of <pages.start_page.StartPage object at 0x7facae7fe550>>(<selenium.webdriver.remote.webelement.WebElement (session=\"5dc291f6e8fe13ffaa7a9ae38a9caccd\", element=\"da988ed8-20ee-45fb-8977-9a4baa9b0ded\")>, <selenium.webdriver.chrome.webdriver.WebDriver (session=\"5dc291f6e8fe13ffaa7a9ae38a9caccd\")>)\nE            +    where <bound method StartPage.check_image_visibility of <pages.start_page.StartPage object at 0x7facae7fe550>> = <pages.start_page.StartPage object at 0x7facae7fe550>.check_image_visibility\nE            +    and   <selenium.webdriver.chrome.webdriver.WebDriver (session=\"5dc291f6e8fe13ffaa7a9ae38a9caccd\")> = <pages.start_page.StartPage object at 0x7facae7fe550>.driver\n\ntests/test_start_page.py:116: AssertionError",
  "flaky" : false,
  "newFailed" : false,
  "beforeStages" : [ {
    "name" : "start_p",
    "time" : {
      "start" : 1721230414665,
      "stop" : 1721230416223,
      "duration" : 1558
    },
    "status" : "passed",
    "steps" : [ {
      "name" : "Go to site",
      "time" : {
        "start" : 1721230414767,
        "stop" : 1721230416215,
        "duration" : 1448
      },
      "status" : "passed",
      "steps" : [ ],
      "attachments" : [ ],
      "parameters" : [ ],
      "hasContent" : false,
      "stepsCount" : 0,
      "attachmentsCount" : 0,
      "shouldDisplayMessage" : false
    } ],
    "attachments" : [ ],
    "parameters" : [ ],
    "hasContent" : true,
    "stepsCount" : 1,
    "attachmentsCount" : 0,
    "shouldDisplayMessage" : false
  }, {
    "name" : "browser",
    "time" : {
      "start" : 1721230414343,
      "stop" : 1721230414664,
      "duration" : 321
    },
    "status" : "passed",
    "steps" : [ ],
    "attachments" : [ ],
    "parameters" : [ ],
    "hasContent" : false,
    "stepsCount" : 0,
    "attachmentsCount" : 0,
    "shouldDisplayMessage" : false
  } ],
  "testStage" : {
    "description" : "Verify visibility of the images (Logo, Main).",
    "status" : "failed",
    "statusMessage" : "AssertionError: assert False\n +  where False = <bound method StartPage.check_image_visibility of <pages.start_page.StartPage object at 0x7facae7fe550>>(<selenium.webdriver.remote.webelement.WebElement (session=\"5dc291f6e8fe13ffaa7a9ae38a9caccd\", element=\"da988ed8-20ee-45fb-8977-9a4baa9b0ded\")>, <selenium.webdriver.chrome.webdriver.WebDriver (session=\"5dc291f6e8fe13ffaa7a9ae38a9caccd\")>)\n +    where <bound method StartPage.check_image_visibility of <pages.start_page.StartPage object at 0x7facae7fe550>> = <pages.start_page.StartPage object at 0x7facae7fe550>.check_image_visibility\n +    and   <selenium.webdriver.chrome.webdriver.WebDriver (session=\"5dc291f6e8fe13ffaa7a9ae38a9caccd\")> = <pages.start_page.StartPage object at 0x7facae7fe550>.driver",
    "statusTrace" : "self = <tests.test_start_page.TestStartPage object at 0x7facaf94b310>\nstart_p = <pages.start_page.StartPage object at 0x7facae7fe550>\nimg = \"//img[@alt='Логотип']\", width = 768, height = 1024\n\n    @pytest.mark.parametrize(\"width, height\", resolution)\n    @pytest.mark.parametrize(\"img\", start_img_pc)\n    @pytest.mark.parametrize(\"browser\", [False, True],\n                             ids=[\"normal_mode\", \"incognito_mode\"],\n                             indirect=True)\n    def test_img_visibility(self, start_p, img, width, height):\n        \"\"\"Verify visibility of the images (Logo, Main).\"\"\"\n        logo_img = start_p.get_element(img)\n    \n        with allure.step(\"Verify visibility of the image\"):\n>           assert start_p.check_image_visibility(logo_img, start_p.driver)\nE           assert False\nE            +  where False = <bound method StartPage.check_image_visibility of <pages.start_page.StartPage object at 0x7facae7fe550>>(<selenium.webdriver.remote.webelement.WebElement (session=\"5dc291f6e8fe13ffaa7a9ae38a9caccd\", element=\"da988ed8-20ee-45fb-8977-9a4baa9b0ded\")>, <selenium.webdriver.chrome.webdriver.WebDriver (session=\"5dc291f6e8fe13ffaa7a9ae38a9caccd\")>)\nE            +    where <bound method StartPage.check_image_visibility of <pages.start_page.StartPage object at 0x7facae7fe550>> = <pages.start_page.StartPage object at 0x7facae7fe550>.check_image_visibility\nE            +    and   <selenium.webdriver.chrome.webdriver.WebDriver (session=\"5dc291f6e8fe13ffaa7a9ae38a9caccd\")> = <pages.start_page.StartPage object at 0x7facae7fe550>.driver\n\ntests/test_start_page.py:116: AssertionError",
    "steps" : [ {
      "name" : "Verify visibility of the image",
      "time" : {
        "start" : 1721230416243,
        "stop" : 1721230416260,
        "duration" : 17
      },
      "status" : "failed",
      "statusMessage" : "AssertionError: assert False\n +  where False = <bound method StartPage.check_image_visibility of <pages.start_page.StartPage object at 0x7facae7fe550>>(<selenium.webdriver.remote.webelement.WebElement (session=\"5dc291f6e8fe13ffaa7a9ae38a9caccd\", element=\"da988ed8-20ee-45fb-8977-9a4baa9b0ded\")>, <selenium.webdriver.chrome.webdriver.WebDriver (session=\"5dc291f6e8fe13ffaa7a9ae38a9caccd\")>)\n +    where <bound method StartPage.check_image_visibility of <pages.start_page.StartPage object at 0x7facae7fe550>> = <pages.start_page.StartPage object at 0x7facae7fe550>.check_image_visibility\n +    and   <selenium.webdriver.chrome.webdriver.WebDriver (session=\"5dc291f6e8fe13ffaa7a9ae38a9caccd\")> = <pages.start_page.StartPage object at 0x7facae7fe550>.driver\n",
      "statusTrace" : "  File \"/usr/workspace/tests/test_start_page.py\", line 116, in test_img_visibility\n    assert start_p.check_image_visibility(logo_img, start_p.driver)\n",
      "steps" : [ {
        "name" : "Check image visibility",
        "time" : {
          "start" : 1721230416243,
          "stop" : 1721230416260,
          "duration" : 17
        },
        "status" : "passed",
        "steps" : [ ],
        "attachments" : [ ],
        "parameters" : [ {
          "name" : "element",
          "value" : "<selenium.webdriver.remote.webelement.WebElement (session=\"5dc291f6e8fe13ffaa7a9ae38a9caccd\", element=\"da988ed8-20ee-45fb-8977-9a4baa9b0ded\")>"
        }, {
          "name" : "driver",
          "value" : "<selenium.webdriver.chrome.webdriver.WebDriver (session=\"5dc291f6e8fe13ffaa7a9ae38a9caccd\")>"
        } ],
        "hasContent" : true,
        "stepsCount" : 0,
        "attachmentsCount" : 0,
        "shouldDisplayMessage" : false
      } ],
      "attachments" : [ ],
      "parameters" : [ ],
      "hasContent" : true,
      "stepsCount" : 1,
      "attachmentsCount" : 0,
      "shouldDisplayMessage" : true
    } ],
    "attachments" : [ ],
    "parameters" : [ ],
    "hasContent" : true,
    "stepsCount" : 2,
    "attachmentsCount" : 0,
    "shouldDisplayMessage" : true
  },
  "afterStages" : [ {
    "name" : "browser::0",
    "time" : {
      "start" : 1721230416265,
      "stop" : 1721230416393,
      "duration" : 128
    },
    "status" : "passed",
    "steps" : [ ],
    "attachments" : [ {
      "uid" : "34a714ab75eb6fab",
      "name" : "Screenshot <class 'datetime.datetime'>",
      "source" : "34a714ab75eb6fab.png",
      "type" : "image/png",
      "size" : 35023
    }, {
      "uid" : "5a99b235ef3dcaf5",
      "name" : "Browser Logs",
      "source" : "5a99b235ef3dcaf5.txt",
      "type" : "text/plain",
      "size" : 2
    } ],
    "parameters" : [ ],
    "hasContent" : true,
    "stepsCount" : 0,
    "attachmentsCount" : 2,
    "shouldDisplayMessage" : false
  } ],
  "labels" : [ {
    "name" : "parentSuite",
    "value" : "tests"
  }, {
    "name" : "suite",
    "value" : "test_start_page"
  }, {
    "name" : "subSuite",
    "value" : "TestStartPage"
  }, {
    "name" : "host",
    "value" : "5468e063e641"
  }, {
    "name" : "thread",
    "value" : "1-MainThread"
  }, {
    "name" : "framework",
    "value" : "pytest"
  }, {
    "name" : "language",
    "value" : "cpython3"
  }, {
    "name" : "package",
    "value" : "tests.test_start_page"
  }, {
    "name" : "resultFormat",
    "value" : "allure2"
  } ],
  "parameters" : [ {
    "name" : "browser",
    "value" : "True"
  }, {
    "name" : "height",
    "value" : "1024"
  }, {
    "name" : "img",
    "value" : "'//img[@alt='Логотип']'"
  }, {
    "name" : "width",
    "value" : "768"
  } ],
  "links" : [ ],
  "hidden" : false,
  "retry" : false,
  "extra" : {
    "severity" : "normal",
    "retries" : [ ],
    "categories" : [ {
      "name" : "Product defects",
      "matchedStatuses" : [ ],
      "flaky" : false
    } ],
    "tags" : [ ]
  },
  "source" : "53970135a2d88e0e.json",
  "parameterValues" : [ "True", "1024", "'//img[@alt='Логотип']'", "768" ]
}