{
  "uid" : "9f7ed404fd614928",
  "name" : "test_headers_links[Blog-1920x1080]",
  "fullName" : "tests.test_start_page.TestStartPage#test_headers_links",
  "historyId" : "de07382bbb94f4ef7fbc32e57b6bf63f",
  "time" : {
    "start" : 1721230285823,
    "stop" : 1721230295904,
    "duration" : 10081
  },
  "description" : "Verify Header's links redirection.",
  "descriptionHtml" : "<p>Verify Header's links redirection.</p>\n",
  "status" : "broken",
  "statusMessage" : "selenium.common.exceptions.TimeoutException: Message:",
  "statusTrace" : "self = <tests.test_start_page.TestStartPage object at 0x7facaeb3f910>\nstart_p = <pages.start_page.StartPage object at 0x7facae768d90>, width = 1920\nheight = 1080, lnk = \"//p[contains(text(),'Блог')]\"\nexp_url = 'https://dev.freenance.store/blog'\n\n    @pytest.mark.parametrize(\"width, height\", resolution[:2])\n    @pytest.mark.parametrize(\"lnk, exp_url\", header_links)\n    def test_headers_links(self, start_p, width, height, lnk, exp_url):\n        \"\"\"Verify Header's links redirection.\"\"\"\n        with allure.step(\"Click Header link\"):\n            start_p.get_element(lnk).click()\n    \n        with allure.step(f\"Verify redirection to {exp_url}\"):\n>           start_p.is_opened(exp_url)\n\ntests/test_start_page.py:87: \n_ _ _ _ _ _ _ _ _ _ _ _ _ _ _ _ _ _ _ _ _ _ _ _ _ _ _ _ _ _ _ _ _ _ _ _ _ _ _ _ \npages/main.py:53: in is_opened\n    self.wait.until(Ec.url_to_be(url))\n_ _ _ _ _ _ _ _ _ _ _ _ _ _ _ _ _ _ _ _ _ _ _ _ _ _ _ _ _ _ _ _ _ _ _ _ _ _ _ _ \n\nself = <selenium.webdriver.support.wait.WebDriverWait (session=\"eadd4b99e4ceefaaa779b3b670f9402a\")>\nmethod = <function url_to_be.<locals>._predicate at 0x7facaea7c400>\nmessage = ''\n\n    def until(self, method: Callable[[D], Union[Literal[False], T]], message: str = \"\") -> T:\n        \"\"\"Calls the method provided with the driver as an argument until the \\\n        return value does not evaluate to ``False``.\n    \n        :param method: callable(WebDriver)\n        :param message: optional message for :exc:`TimeoutException`\n        :returns: the result of the last call to `method`\n        :raises: :exc:`selenium.common.exceptions.TimeoutException` if timeout occurs\n        \"\"\"\n        screen = None\n        stacktrace = None\n    \n        end_time = time.monotonic() + self._timeout\n        while True:\n            try:\n                value = method(self._driver)\n                if value:\n                    return value\n            except self._ignored_exceptions as exc:\n                screen = getattr(exc, \"screen\", None)\n                stacktrace = getattr(exc, \"stacktrace\", None)\n            time.sleep(self._poll)\n            if time.monotonic() > end_time:\n                break\n>       raise TimeoutException(message, screen, stacktrace)\nE       selenium.common.exceptions.TimeoutException: Message:\n\n../local/lib/python3.11/site-packages/selenium/webdriver/support/wait.py:105: TimeoutException",
  "flaky" : false,
  "newFailed" : false,
  "beforeStages" : [ {
    "name" : "start_p",
    "time" : {
      "start" : 1721230284373,
      "stop" : 1721230285823,
      "duration" : 1450
    },
    "status" : "passed",
    "steps" : [ {
      "name" : "Go to site",
      "time" : {
        "start" : 1721230284476,
        "stop" : 1721230285813,
        "duration" : 1337
      },
      "status" : "passed",
      "steps" : [ ],
      "attachments" : [ ],
      "parameters" : [ ],
      "hasContent" : false,
      "stepsCount" : 0,
      "attachmentsCount" : 0,
      "shouldDisplayMessage" : false
    } ],
    "attachments" : [ ],
    "parameters" : [ ],
    "hasContent" : true,
    "stepsCount" : 1,
    "attachmentsCount" : 0,
    "shouldDisplayMessage" : false
  }, {
    "name" : "browser",
    "time" : {
      "start" : 1721230284040,
      "stop" : 1721230284373,
      "duration" : 333
    },
    "status" : "passed",
    "steps" : [ ],
    "attachments" : [ ],
    "parameters" : [ ],
    "hasContent" : false,
    "stepsCount" : 0,
    "attachmentsCount" : 0,
    "shouldDisplayMessage" : false
  } ],
  "testStage" : {
    "description" : "Verify Header's links redirection.",
    "status" : "broken",
    "statusMessage" : "selenium.common.exceptions.TimeoutException: Message:",
    "statusTrace" : "self = <tests.test_start_page.TestStartPage object at 0x7facaeb3f910>\nstart_p = <pages.start_page.StartPage object at 0x7facae768d90>, width = 1920\nheight = 1080, lnk = \"//p[contains(text(),'Блог')]\"\nexp_url = 'https://dev.freenance.store/blog'\n\n    @pytest.mark.parametrize(\"width, height\", resolution[:2])\n    @pytest.mark.parametrize(\"lnk, exp_url\", header_links)\n    def test_headers_links(self, start_p, width, height, lnk, exp_url):\n        \"\"\"Verify Header's links redirection.\"\"\"\n        with allure.step(\"Click Header link\"):\n            start_p.get_element(lnk).click()\n    \n        with allure.step(f\"Verify redirection to {exp_url}\"):\n>           start_p.is_opened(exp_url)\n\ntests/test_start_page.py:87: \n_ _ _ _ _ _ _ _ _ _ _ _ _ _ _ _ _ _ _ _ _ _ _ _ _ _ _ _ _ _ _ _ _ _ _ _ _ _ _ _ \npages/main.py:53: in is_opened\n    self.wait.until(Ec.url_to_be(url))\n_ _ _ _ _ _ _ _ _ _ _ _ _ _ _ _ _ _ _ _ _ _ _ _ _ _ _ _ _ _ _ _ _ _ _ _ _ _ _ _ \n\nself = <selenium.webdriver.support.wait.WebDriverWait (session=\"eadd4b99e4ceefaaa779b3b670f9402a\")>\nmethod = <function url_to_be.<locals>._predicate at 0x7facaea7c400>\nmessage = ''\n\n    def until(self, method: Callable[[D], Union[Literal[False], T]], message: str = \"\") -> T:\n        \"\"\"Calls the method provided with the driver as an argument until the \\\n        return value does not evaluate to ``False``.\n    \n        :param method: callable(WebDriver)\n        :param message: optional message for :exc:`TimeoutException`\n        :returns: the result of the last call to `method`\n        :raises: :exc:`selenium.common.exceptions.TimeoutException` if timeout occurs\n        \"\"\"\n        screen = None\n        stacktrace = None\n    \n        end_time = time.monotonic() + self._timeout\n        while True:\n            try:\n                value = method(self._driver)\n                if value:\n                    return value\n            except self._ignored_exceptions as exc:\n                screen = getattr(exc, \"screen\", None)\n                stacktrace = getattr(exc, \"stacktrace\", None)\n            time.sleep(self._poll)\n            if time.monotonic() > end_time:\n                break\n>       raise TimeoutException(message, screen, stacktrace)\nE       selenium.common.exceptions.TimeoutException: Message:\n\n../local/lib/python3.11/site-packages/selenium/webdriver/support/wait.py:105: TimeoutException",
    "steps" : [ {
      "name" : "Click Header link",
      "time" : {
        "start" : 1721230285823,
        "stop" : 1721230285873,
        "duration" : 50
      },
      "status" : "passed",
      "steps" : [ ],
      "attachments" : [ ],
      "parameters" : [ ],
      "hasContent" : false,
      "stepsCount" : 0,
      "attachmentsCount" : 0,
      "shouldDisplayMessage" : false
    }, {
      "name" : "Verify redirection to https://dev.freenance.store/blog",
      "time" : {
        "start" : 1721230285873,
        "stop" : 1721230295903,
        "duration" : 10030
      },
      "status" : "broken",
      "statusMessage" : "selenium.common.exceptions.TimeoutException: Message: \n\n",
      "statusTrace" : "  File \"/usr/workspace/tests/test_start_page.py\", line 87, in test_headers_links\n    start_p.is_opened(exp_url)\n  File \"/usr/workspace/pages/main.py\", line 53, in is_opened\n    self.wait.until(Ec.url_to_be(url))\n  File \"/usr/local/lib/python3.11/site-packages/selenium/webdriver/support/wait.py\", line 105, in until\n    raise TimeoutException(message, screen, stacktrace)\n",
      "steps" : [ ],
      "attachments" : [ ],
      "parameters" : [ ],
      "hasContent" : true,
      "stepsCount" : 0,
      "attachmentsCount" : 0,
      "shouldDisplayMessage" : true
    } ],
    "attachments" : [ ],
    "parameters" : [ ],
    "hasContent" : true,
    "stepsCount" : 2,
    "attachmentsCount" : 0,
    "shouldDisplayMessage" : true
  },
  "afterStages" : [ {
    "name" : "browser::0",
    "time" : {
      "start" : 1721230295913,
      "stop" : 1721230296108,
      "duration" : 195
    },
    "status" : "passed",
    "steps" : [ ],
    "attachments" : [ {
      "uid" : "bce858b745557c80",
      "name" : "Screenshot <class 'datetime.datetime'>",
      "source" : "bce858b745557c80.png",
      "type" : "image/png",
      "size" : 92675
    }, {
      "uid" : "b558e54d3643c223",
      "name" : "Browser Logs",
      "source" : "b558e54d3643c223.txt",
      "type" : "text/plain",
      "size" : 564
    } ],
    "parameters" : [ ],
    "hasContent" : true,
    "stepsCount" : 0,
    "attachmentsCount" : 2,
    "shouldDisplayMessage" : false
  } ],
  "labels" : [ {
    "name" : "parentSuite",
    "value" : "tests"
  }, {
    "name" : "suite",
    "value" : "test_start_page"
  }, {
    "name" : "subSuite",
    "value" : "TestStartPage"
  }, {
    "name" : "host",
    "value" : "5468e063e641"
  }, {
    "name" : "thread",
    "value" : "1-MainThread"
  }, {
    "name" : "framework",
    "value" : "pytest"
  }, {
    "name" : "language",
    "value" : "cpython3"
  }, {
    "name" : "package",
    "value" : "tests.test_start_page"
  }, {
    "name" : "resultFormat",
    "value" : "allure2"
  } ],
  "parameters" : [ {
    "name" : "exp_url",
    "value" : "'https://dev.freenance.store/blog'"
  }, {
    "name" : "height",
    "value" : "1080"
  }, {
    "name" : "lnk",
    "value" : "'//p[contains(text(),'Блог')]'"
  }, {
    "name" : "width",
    "value" : "1920"
  } ],
  "links" : [ ],
  "hidden" : false,
  "retry" : false,
  "extra" : {
    "severity" : "normal",
    "retries" : [ ],
    "categories" : [ {
      "name" : "Test defects",
      "matchedStatuses" : [ ],
      "flaky" : false
    } ],
    "tags" : [ ]
  },
  "source" : "9f7ed404fd614928.json",
  "parameterValues" : [ "'https://dev.freenance.store/blog'", "1080", "'//p[contains(text(),'Блог')]'", "1920" ]
}