{"uid":"c6b534a1b13b1749","name":"Exists Error Message does not shows in Modal Window repeat open(Temp Income)","fullName":"TESTS.test_income_page.TestIncomePage#test_check_exist_error_repeat_temp_income","historyId":"8b1cabaf1b0cc05032b8b200ccdf42af","time":{"start":1699441436207,"stop":1699441436207,"duration":0},"description":"\n    An exist error message is does not shows in the modal window when the user tries to add a new category\n    with a name that already exists in the Temp Incomes list then close window and repeat. \n\n    Precondition:\n    - User uses valid login and password\n    - Category name already exists in the Temp Incomes list\n\n    Expected Result:\n    - An error message does not shows in the modal window when the user fills the proper field in the modal window\n    trying to add a new income category which already exists in the Temp Incomes List, \n    then close window and try again.\n    ","descriptionHtml":"<pre><code>An exist error message is does not shows in the modal window when the user tries to add a new category\nwith a name that already exists in the Temp Incomes list then close window and repeat. \n\nPrecondition:\n- User uses valid login and password\n- Category name already exists in the Temp Incomes list\n\nExpected Result:\n- An error message does not shows in the modal window when the user fills the proper field in the modal window\ntrying to add a new income category which already exists in the Temp Incomes List, \nthen close window and try again.\n</code></pre>\n","status":"broken","statusMessage":"selenium.common.exceptions.SessionNotCreatedException: Message: session not created: Chrome failed to start: exited normally.\n  (session not created: DevToolsActivePort file doesn't exist)\n  (The process started from chrome location /usr/bin/google-chrome is no longer running, so ChromeDriver is assuming that Chrome has crashed.)\nStacktrace:\n#0 0x56127bc81fb3 <unknown>\n#1 0x56127b9554a7 <unknown>\n#2 0x56127b988c93 <unknown>\n#3 0x56127b98510c <unknown>\n#4 0x56127b9c7ac6 <unknown>\n#5 0x56127b9be713 <unknown>\n#6 0x56127b99118b <unknown>\n#7 0x56127b991f7e <unknown>\n#8 0x56127bc478d8 <unknown>\n#9 0x56127bc4b800 <unknown>\n#10 0x56127bc55cfc <unknown>\n#11 0x56127bc4c418 <unknown>\n#12 0x56127bc1942f <unknown>\n#13 0x56127bc704e8 <unknown>\n#14 0x56127bc706b4 <unknown>\n#15 0x56127bc81143 <unknown>\n#16 0x7f4391494ac3 <unknown>","statusTrace":"@pytest.fixture(scope=\"function\")\n    def browser():\n        # driver_path = ChromeDriverManager().install()\n        # service = Service(driver_path)\n        options = Options()\n        # options.add_argument(\"--headless\")\n        options.add_argument(\"--incognito\")\n        options.add_argument('--disable-blink-features=AutomationControlled')\n        options.add_argument('--user-data-dir=tmp/chrome_profile')\n        options.add_argument(\"--disable-gpu\")\n        options.add_argument(\"--no-sandbox\")\n        options.add_argument(\"--start-maximized\")\n        # driver = webdriver.Chrome(service=service, options=options)\n>       driver = webdriver.Chrome(options=options)\n\nTESTS/conftest.py:32: \n_ _ _ _ _ _ _ _ _ _ _ _ _ _ _ _ _ _ _ _ _ _ _ _ _ _ _ _ _ _ _ _ _ _ _ _ _ _ _ _ \n/opt/hostedtoolcache/Python/3.10.13/x64/lib/python3.10/site-packages/selenium/webdriver/chrome/webdriver.py:45: in __init__\n    super().__init__(\n/opt/hostedtoolcache/Python/3.10.13/x64/lib/python3.10/site-packages/selenium/webdriver/chromium/webdriver.py:56: in __init__\n    super().__init__(\n/opt/hostedtoolcache/Python/3.10.13/x64/lib/python3.10/site-packages/selenium/webdriver/remote/webdriver.py:208: in __init__\n    self.start_session(capabilities)\n/opt/hostedtoolcache/Python/3.10.13/x64/lib/python3.10/site-packages/selenium/webdriver/remote/webdriver.py:292: in start_session\n    response = self.execute(Command.NEW_SESSION, caps)[\"value\"]\n/opt/hostedtoolcache/Python/3.10.13/x64/lib/python3.10/site-packages/selenium/webdriver/remote/webdriver.py:347: in execute\n    self.error_handler.check_response(response)\n_ _ _ _ _ _ _ _ _ _ _ _ _ _ _ _ _ _ _ _ _ _ _ _ _ _ _ _ _ _ _ _ _ _ _ _ _ _ _ _ \n\nself = <selenium.webdriver.remote.errorhandler.ErrorHandler object at 0x7f09ebd4d300>\nresponse = {'status': 500, 'value': '{\"value\":{\"error\":\"session not created\",\"message\":\"session not created: Chrome failed to sta...\\\\n#14 0x56127bc706b4 \\\\u003Cunknown>\\\\n#15 0x56127bc81143 \\\\u003Cunknown>\\\\n#16 0x7f4391494ac3 \\\\u003Cunknown>\\\\n\"}}'}\n\n    def check_response(self, response: Dict[str, Any]) -> None:\n        \"\"\"Checks that a JSON response from the WebDriver does not have an\n        error.\n    \n        :Args:\n         - response - The JSON response from the WebDriver server as a dictionary\n           object.\n    \n        :Raises: If the response contains an error message.\n        \"\"\"\n        status = response.get(\"status\", None)\n        if not status or status == ErrorCode.SUCCESS:\n            return\n        value = None\n        message = response.get(\"message\", \"\")\n        screen: str = response.get(\"screen\", \"\")\n        stacktrace = None\n        if isinstance(status, int):\n            value_json = response.get(\"value\", None)\n            if value_json and isinstance(value_json, str):\n                import json\n    \n                try:\n                    value = json.loads(value_json)\n                    if len(value) == 1:\n                        value = value[\"value\"]\n                    status = value.get(\"error\", None)\n                    if not status:\n                        status = value.get(\"status\", ErrorCode.UNKNOWN_ERROR)\n                        message = value.get(\"value\") or value.get(\"message\")\n                        if not isinstance(message, str):\n                            value = message\n                            message = message.get(\"message\")\n                    else:\n                        message = value.get(\"message\", None)\n                except ValueError:\n                    pass\n    \n        exception_class: Type[WebDriverException]\n        e = ErrorCode()\n        error_codes = [item for item in dir(e) if not item.startswith(\"__\")]\n        for error_code in error_codes:\n            error_info = getattr(ErrorCode, error_code)\n            if isinstance(error_info, list) and status in error_info:\n                exception_class = getattr(ExceptionMapping, error_code, WebDriverException)\n                break\n        else:\n            exception_class = WebDriverException\n    \n        if not value:\n            value = response[\"value\"]\n        if isinstance(value, str):\n            raise exception_class(value)\n        if message == \"\" and \"message\" in value:\n            message = value[\"message\"]\n    \n        screen = None  # type: ignore[assignment]\n        if \"screen\" in value:\n            screen = value[\"screen\"]\n    \n        stacktrace = None\n        st_value = value.get(\"stackTrace\") or value.get(\"stacktrace\")\n        if st_value:\n            if isinstance(st_value, str):\n                stacktrace = st_value.split(\"\\n\")\n            else:\n                stacktrace = []\n                try:\n                    for frame in st_value:\n                        line = frame.get(\"lineNumber\", \"\")\n                        file = frame.get(\"fileName\", \"<anonymous>\")\n                        if line:\n                            file = f\"{file}:{line}\"\n                        meth = frame.get(\"methodName\", \"<anonymous>\")\n                        if \"className\" in frame:\n                            meth = f\"{frame['className']}.{meth}\"\n                        msg = \"    at %s (%s)\"\n                        msg = msg % (meth, file)\n                        stacktrace.append(msg)\n                except TypeError:\n                    pass\n        if exception_class == UnexpectedAlertPresentException:\n            alert_text = None\n            if \"data\" in value:\n                alert_text = value[\"data\"].get(\"text\")\n            elif \"alert\" in value:\n                alert_text = value[\"alert\"].get(\"text\")\n            raise exception_class(message, screen, stacktrace, alert_text)  # type: ignore[call-arg]  # mypy is not smart enough here\n>       raise exception_class(message, screen, stacktrace)\nE       selenium.common.exceptions.SessionNotCreatedException: Message: session not created: Chrome failed to start: exited normally.\nE         (session not created: DevToolsActivePort file doesn't exist)\nE         (The process started from chrome location /usr/bin/google-chrome is no longer running, so ChromeDriver is assuming that Chrome has crashed.)\nE       Stacktrace:\nE       #0 0x56127bc81fb3 <unknown>\nE       #1 0x56127b9554a7 <unknown>\nE       #2 0x56127b988c93 <unknown>\nE       #3 0x56127b98510c <unknown>\nE       #4 0x56127b9c7ac6 <unknown>\nE       #5 0x56127b9be713 <unknown>\nE       #6 0x56127b99118b <unknown>\nE       #7 0x56127b991f7e <unknown>\nE       #8 0x56127bc478d8 <unknown>\nE       #9 0x56127bc4b800 <unknown>\nE       #10 0x56127bc55cfc <unknown>\nE       #11 0x56127bc4c418 <unknown>\nE       #12 0x56127bc1942f <unknown>\nE       #13 0x56127bc704e8 <unknown>\nE       #14 0x56127bc706b4 <unknown>\nE       #15 0x56127bc81143 <unknown>\nE       #16 0x7f4391494ac3 <unknown>\n\n/opt/hostedtoolcache/Python/3.10.13/x64/lib/python3.10/site-packages/selenium/webdriver/remote/errorhandler.py:229: SessionNotCreatedException","flaky":false,"newFailed":false,"newBroken":true,"newPassed":false,"retriesCount":0,"retriesStatusChange":false,"beforeStages":[{"name":"browser","time":{"start":1699441436208,"stop":1699441436869,"duration":661},"status":"broken","statusMessage":"selenium.common.exceptions.SessionNotCreatedException: Message: session not created: Chrome failed to start: exited normally.\n  (session not created: DevToolsActivePort file doesn't exist)\n  (The process started from chrome location /usr/bin/google-chrome is no longer running, so ChromeDriver is assuming that Chrome has crashed.)\nStacktrace:\n#0 0x56127bc81fb3 <unknown>\n#1 0x56127b9554a7 <unknown>\n#2 0x56127b988c93 <unknown>\n#3 0x56127b98510c <unknown>\n#4 0x56127b9c7ac6 <unknown>\n#5 0x56127b9be713 <unknown>\n#6 0x56127b99118b <unknown>\n#7 0x56127b991f7e <unknown>\n#8 0x56127bc478d8 <unknown>\n#9 0x56127bc4b800 <unknown>\n#10 0x56127bc55cfc <unknown>\n#11 0x56127bc4c418 <unknown>\n#12 0x56127bc1942f <unknown>\n#13 0x56127bc704e8 <unknown>\n#14 0x56127bc706b4 <unknown>\n#15 0x56127bc81143 <unknown>\n#16 0x7f4391494ac3 <unknown>\n\n","statusTrace":"  File \"/opt/hostedtoolcache/Python/3.10.13/x64/lib/python3.10/site-packages/pluggy/_callers.py\", line 77, in _multicall\n    res = hook_impl.function(*args)\n  File \"/opt/hostedtoolcache/Python/3.10.13/x64/lib/python3.10/site-packages/_pytest/fixtures.py\", line 1123, in pytest_fixture_setup\n    result = call_fixture_func(fixturefunc, request, kwargs)\n  File \"/opt/hostedtoolcache/Python/3.10.13/x64/lib/python3.10/site-packages/_pytest/fixtures.py\", line 895, in call_fixture_func\n    fixture_result = next(generator)\n  File \"/home/runner/work/FreenanceProject/FreenanceProject/TESTS/conftest.py\", line 32, in browser\n    driver = webdriver.Chrome(options=options)\n  File \"/opt/hostedtoolcache/Python/3.10.13/x64/lib/python3.10/site-packages/selenium/webdriver/chrome/webdriver.py\", line 45, in __init__\n    super().__init__(\n  File \"/opt/hostedtoolcache/Python/3.10.13/x64/lib/python3.10/site-packages/selenium/webdriver/chromium/webdriver.py\", line 56, in __init__\n    super().__init__(\n  File \"/opt/hostedtoolcache/Python/3.10.13/x64/lib/python3.10/site-packages/selenium/webdriver/remote/webdriver.py\", line 208, in __init__\n    self.start_session(capabilities)\n  File \"/opt/hostedtoolcache/Python/3.10.13/x64/lib/python3.10/site-packages/selenium/webdriver/remote/webdriver.py\", line 292, in start_session\n    response = self.execute(Command.NEW_SESSION, caps)[\"value\"]\n  File \"/opt/hostedtoolcache/Python/3.10.13/x64/lib/python3.10/site-packages/selenium/webdriver/remote/webdriver.py\", line 347, in execute\n    self.error_handler.check_response(response)\n  File \"/opt/hostedtoolcache/Python/3.10.13/x64/lib/python3.10/site-packages/selenium/webdriver/remote/errorhandler.py\", line 229, in check_response\n    raise exception_class(message, screen, stacktrace)\n","steps":[],"attachments":[],"parameters":[],"shouldDisplayMessage":true,"stepsCount":0,"attachmentsCount":0,"hasContent":true}],"afterStages":[],"labels":[{"name":"feature","value":"Dropdown errors"},{"name":"suite","value":"Income Page"},{"name":"severity","value":"minor"},{"name":"tag","value":"dropdown_errors"},{"name":"parentSuite","value":"TESTS"},{"name":"subSuite","value":"TestIncomePage"},{"name":"host","value":"fv-az700-995"},{"name":"thread","value":"1914-MainThread"},{"name":"framework","value":"pytest"},{"name":"language","value":"cpython3"},{"name":"package","value":"TESTS.test_income_page"},{"name":"resultFormat","value":"allure2"}],"parameters":[],"links":[],"hidden":false,"retry":false,"extra":{"severity":"minor","retries":[],"categories":[{"name":"Test defects","matchedStatuses":[],"flaky":false}],"history":{"statistic":{"failed":0,"broken":1,"skipped":0,"passed":3,"unknown":0,"total":4},"items":[{"uid":"8381b4ee1ecaf8a","status":"passed","time":{"start":1699314323394,"stop":1699314331749,"duration":8355}},{"uid":"93db9c76a5ef49c2","status":"passed","time":{"start":1699283810963,"stop":1699283820213,"duration":9250}},{"uid":"107967ec9736bcb4","status":"passed","time":{"start":1699283158069,"stop":1699283165844,"duration":7775}}]},"tags":["dropdown_errors"]},"source":"c6b534a1b13b1749.json","parameterValues":[]}