{
  "uid" : "c8f611889b680656",
  "name" : "test_img_visibility[normal_mode-Logo img-1920x1080]",
  "fullName" : "tests.test_start_page.TestStartPage#test_img_visibility",
  "historyId" : "8e1f8d8a1eae4f2e2bccf082b564ca0a",
  "time" : {
    "start" : 1721236953023,
    "stop" : 1721236953065,
    "duration" : 42
  },
  "description" : "Verify visibility of the images (Logo, Main).",
  "descriptionHtml" : "<p>Verify visibility of the images (Logo, Main).</p>\n",
  "status" : "failed",
  "statusMessage" : "AssertionError: assert False\n +  where False = <bound method StartPage.check_image_visibility of <pages.start_page.StartPage object at 0x7f9a242653d0>>(<selenium.webdriver.remote.webelement.WebElement (session=\"d240df5a439cd67c15e1cd3cbff45963\", element=\"72df20ca-90f2-4fbc-9932-d31611db2c13\")>, <selenium.webdriver.chrome.webdriver.WebDriver (session=\"d240df5a439cd67c15e1cd3cbff45963\")>)\n +    where <bound method StartPage.check_image_visibility of <pages.start_page.StartPage object at 0x7f9a242653d0>> = <pages.start_page.StartPage object at 0x7f9a242653d0>.check_image_visibility\n +    and   <selenium.webdriver.chrome.webdriver.WebDriver (session=\"d240df5a439cd67c15e1cd3cbff45963\")> = <pages.start_page.StartPage object at 0x7f9a242653d0>.driver",
  "statusTrace" : "self = <tests.test_start_page.TestStartPage object at 0x7f9a245bab90>\nstart_p = <pages.start_page.StartPage object at 0x7f9a242653d0>\nimg = \"//img[@alt='Логотип']\", width = 1920, height = 1080\n\n    @pytest.mark.parametrize(\"width, height\", resolution)\n    @pytest.mark.parametrize(\"img\", start_img_pc)\n    @pytest.mark.parametrize(\"browser\", [False, True],\n                             ids=[\"normal_mode\", \"incognito_mode\"],\n                             indirect=True)\n    def test_img_visibility(self, start_p, img, width, height):\n        \"\"\"Verify visibility of the images (Logo, Main).\"\"\"\n        logo_img = start_p.get_element(img)\n    \n        with allure.step(\"Verify visibility of the image\"):\n>           assert start_p.check_image_visibility(logo_img, start_p.driver)\nE           assert False\nE            +  where False = <bound method StartPage.check_image_visibility of <pages.start_page.StartPage object at 0x7f9a242653d0>>(<selenium.webdriver.remote.webelement.WebElement (session=\"d240df5a439cd67c15e1cd3cbff45963\", element=\"72df20ca-90f2-4fbc-9932-d31611db2c13\")>, <selenium.webdriver.chrome.webdriver.WebDriver (session=\"d240df5a439cd67c15e1cd3cbff45963\")>)\nE            +    where <bound method StartPage.check_image_visibility of <pages.start_page.StartPage object at 0x7f9a242653d0>> = <pages.start_page.StartPage object at 0x7f9a242653d0>.check_image_visibility\nE            +    and   <selenium.webdriver.chrome.webdriver.WebDriver (session=\"d240df5a439cd67c15e1cd3cbff45963\")> = <pages.start_page.StartPage object at 0x7f9a242653d0>.driver\n\ntests/test_start_page.py:116: AssertionError",
  "flaky" : false,
  "newFailed" : false,
  "beforeStages" : [ {
    "name" : "start_p",
    "time" : {
      "start" : 1721236951626,
      "stop" : 1721236953022,
      "duration" : 1396
    },
    "status" : "passed",
    "steps" : [ {
      "name" : "Go to site",
      "time" : {
        "start" : 1721236951729,
        "stop" : 1721236953017,
        "duration" : 1288
      },
      "status" : "passed",
      "steps" : [ ],
      "attachments" : [ ],
      "parameters" : [ ],
      "attachmentsCount" : 0,
      "shouldDisplayMessage" : false,
      "stepsCount" : 0,
      "hasContent" : false
    } ],
    "attachments" : [ ],
    "parameters" : [ ],
    "attachmentsCount" : 0,
    "shouldDisplayMessage" : false,
    "stepsCount" : 1,
    "hasContent" : true
  }, {
    "name" : "browser",
    "time" : {
      "start" : 1721236951287,
      "stop" : 1721236951626,
      "duration" : 339
    },
    "status" : "passed",
    "steps" : [ ],
    "attachments" : [ ],
    "parameters" : [ ],
    "attachmentsCount" : 0,
    "shouldDisplayMessage" : false,
    "stepsCount" : 0,
    "hasContent" : false
  } ],
  "testStage" : {
    "description" : "Verify visibility of the images (Logo, Main).",
    "status" : "failed",
    "statusMessage" : "AssertionError: assert False\n +  where False = <bound method StartPage.check_image_visibility of <pages.start_page.StartPage object at 0x7f9a242653d0>>(<selenium.webdriver.remote.webelement.WebElement (session=\"d240df5a439cd67c15e1cd3cbff45963\", element=\"72df20ca-90f2-4fbc-9932-d31611db2c13\")>, <selenium.webdriver.chrome.webdriver.WebDriver (session=\"d240df5a439cd67c15e1cd3cbff45963\")>)\n +    where <bound method StartPage.check_image_visibility of <pages.start_page.StartPage object at 0x7f9a242653d0>> = <pages.start_page.StartPage object at 0x7f9a242653d0>.check_image_visibility\n +    and   <selenium.webdriver.chrome.webdriver.WebDriver (session=\"d240df5a439cd67c15e1cd3cbff45963\")> = <pages.start_page.StartPage object at 0x7f9a242653d0>.driver",
    "statusTrace" : "self = <tests.test_start_page.TestStartPage object at 0x7f9a245bab90>\nstart_p = <pages.start_page.StartPage object at 0x7f9a242653d0>\nimg = \"//img[@alt='Логотип']\", width = 1920, height = 1080\n\n    @pytest.mark.parametrize(\"width, height\", resolution)\n    @pytest.mark.parametrize(\"img\", start_img_pc)\n    @pytest.mark.parametrize(\"browser\", [False, True],\n                             ids=[\"normal_mode\", \"incognito_mode\"],\n                             indirect=True)\n    def test_img_visibility(self, start_p, img, width, height):\n        \"\"\"Verify visibility of the images (Logo, Main).\"\"\"\n        logo_img = start_p.get_element(img)\n    \n        with allure.step(\"Verify visibility of the image\"):\n>           assert start_p.check_image_visibility(logo_img, start_p.driver)\nE           assert False\nE            +  where False = <bound method StartPage.check_image_visibility of <pages.start_page.StartPage object at 0x7f9a242653d0>>(<selenium.webdriver.remote.webelement.WebElement (session=\"d240df5a439cd67c15e1cd3cbff45963\", element=\"72df20ca-90f2-4fbc-9932-d31611db2c13\")>, <selenium.webdriver.chrome.webdriver.WebDriver (session=\"d240df5a439cd67c15e1cd3cbff45963\")>)\nE            +    where <bound method StartPage.check_image_visibility of <pages.start_page.StartPage object at 0x7f9a242653d0>> = <pages.start_page.StartPage object at 0x7f9a242653d0>.check_image_visibility\nE            +    and   <selenium.webdriver.chrome.webdriver.WebDriver (session=\"d240df5a439cd67c15e1cd3cbff45963\")> = <pages.start_page.StartPage object at 0x7f9a242653d0>.driver\n\ntests/test_start_page.py:116: AssertionError",
    "steps" : [ {
      "name" : "Verify visibility of the image",
      "time" : {
        "start" : 1721236953048,
        "stop" : 1721236953065,
        "duration" : 17
      },
      "status" : "failed",
      "statusMessage" : "AssertionError: assert False\n +  where False = <bound method StartPage.check_image_visibility of <pages.start_page.StartPage object at 0x7f9a242653d0>>(<selenium.webdriver.remote.webelement.WebElement (session=\"d240df5a439cd67c15e1cd3cbff45963\", element=\"72df20ca-90f2-4fbc-9932-d31611db2c13\")>, <selenium.webdriver.chrome.webdriver.WebDriver (session=\"d240df5a439cd67c15e1cd3cbff45963\")>)\n +    where <bound method StartPage.check_image_visibility of <pages.start_page.StartPage object at 0x7f9a242653d0>> = <pages.start_page.StartPage object at 0x7f9a242653d0>.check_image_visibility\n +    and   <selenium.webdriver.chrome.webdriver.WebDriver (session=\"d240df5a439cd67c15e1cd3cbff45963\")> = <pages.start_page.StartPage object at 0x7f9a242653d0>.driver\n",
      "statusTrace" : "  File \"/usr/workspace/tests/test_start_page.py\", line 116, in test_img_visibility\n    assert start_p.check_image_visibility(logo_img, start_p.driver)\n",
      "steps" : [ {
        "name" : "Check image visibility",
        "time" : {
          "start" : 1721236953048,
          "stop" : 1721236953065,
          "duration" : 17
        },
        "status" : "passed",
        "steps" : [ ],
        "attachments" : [ ],
        "parameters" : [ {
          "name" : "element",
          "value" : "<selenium.webdriver.remote.webelement.WebElement (session=\"d240df5a439cd67c15e1cd3cbff45963\", element=\"72df20ca-90f2-4fbc-9932-d31611db2c13\")>"
        }, {
          "name" : "driver",
          "value" : "<selenium.webdriver.chrome.webdriver.WebDriver (session=\"d240df5a439cd67c15e1cd3cbff45963\")>"
        } ],
        "attachmentsCount" : 0,
        "shouldDisplayMessage" : false,
        "stepsCount" : 0,
        "hasContent" : true
      } ],
      "attachments" : [ ],
      "parameters" : [ ],
      "attachmentsCount" : 0,
      "shouldDisplayMessage" : true,
      "stepsCount" : 1,
      "hasContent" : true
    } ],
    "attachments" : [ ],
    "parameters" : [ ],
    "attachmentsCount" : 0,
    "shouldDisplayMessage" : true,
    "stepsCount" : 2,
    "hasContent" : true
  },
  "afterStages" : [ {
    "name" : "browser::0",
    "time" : {
      "start" : 1721236953071,
      "stop" : 1721236953259,
      "duration" : 188
    },
    "status" : "passed",
    "steps" : [ ],
    "attachments" : [ {
      "uid" : "936d7b682a779f5c",
      "name" : "Screenshot <class 'datetime.datetime'>",
      "source" : "936d7b682a779f5c.png",
      "type" : "image/png",
      "size" : 132082
    }, {
      "uid" : "b00a0185649cf94f",
      "name" : "Browser Logs",
      "source" : "b00a0185649cf94f.txt",
      "type" : "text/plain",
      "size" : 2
    } ],
    "parameters" : [ ],
    "attachmentsCount" : 2,
    "shouldDisplayMessage" : false,
    "stepsCount" : 0,
    "hasContent" : true
  } ],
  "labels" : [ {
    "name" : "parentSuite",
    "value" : "tests"
  }, {
    "name" : "suite",
    "value" : "test_start_page"
  }, {
    "name" : "subSuite",
    "value" : "TestStartPage"
  }, {
    "name" : "host",
    "value" : "637d2c564b90"
  }, {
    "name" : "thread",
    "value" : "1-MainThread"
  }, {
    "name" : "framework",
    "value" : "pytest"
  }, {
    "name" : "language",
    "value" : "cpython3"
  }, {
    "name" : "package",
    "value" : "tests.test_start_page"
  }, {
    "name" : "resultFormat",
    "value" : "allure2"
  } ],
  "parameters" : [ {
    "name" : "browser",
    "value" : "False"
  }, {
    "name" : "height",
    "value" : "1080"
  }, {
    "name" : "img",
    "value" : "'//img[@alt='Логотип']'"
  }, {
    "name" : "width",
    "value" : "1920"
  } ],
  "links" : [ ],
  "hidden" : false,
  "retry" : false,
  "extra" : {
    "severity" : "normal",
    "retries" : [ ],
    "categories" : [ {
      "name" : "Product defects",
      "matchedStatuses" : [ ],
      "flaky" : false
    } ],
    "tags" : [ ]
  },
  "source" : "c8f611889b680656.json",
  "parameterValues" : [ "False", "1080", "'//img[@alt='Логотип']'", "1920" ]
}