{
  "uid" : "e53882856628cbb2",
  "name" : "test_img_visibility[normal_mode-Logo img-1024x1366]",
  "fullName" : "tests.test_start_page.TestStartPage#test_img_visibility",
  "historyId" : "fd902f91fe57244087bb7b628a778581",
  "time" : {
    "start" : 1721236957127,
    "stop" : 1721236957168,
    "duration" : 41
  },
  "description" : "Verify visibility of the images (Logo, Main).",
  "descriptionHtml" : "<p>Verify visibility of the images (Logo, Main).</p>\n",
  "status" : "failed",
  "statusMessage" : "AssertionError: assert False\n +  where False = <bound method StartPage.check_image_visibility of <pages.start_page.StartPage object at 0x7f9a242595d0>>(<selenium.webdriver.remote.webelement.WebElement (session=\"a24ae1f83d6fc38d824d698dccf5e221\", element=\"5cb2b3c2-223b-48b6-ba4e-d8ab3eee9933\")>, <selenium.webdriver.chrome.webdriver.WebDriver (session=\"a24ae1f83d6fc38d824d698dccf5e221\")>)\n +    where <bound method StartPage.check_image_visibility of <pages.start_page.StartPage object at 0x7f9a242595d0>> = <pages.start_page.StartPage object at 0x7f9a242595d0>.check_image_visibility\n +    and   <selenium.webdriver.chrome.webdriver.WebDriver (session=\"a24ae1f83d6fc38d824d698dccf5e221\")> = <pages.start_page.StartPage object at 0x7f9a242595d0>.driver",
  "statusTrace" : "self = <tests.test_start_page.TestStartPage object at 0x7f9a2450df50>\nstart_p = <pages.start_page.StartPage object at 0x7f9a242595d0>\nimg = \"//img[@alt='Логотип']\", width = 1024, height = 1366\n\n    @pytest.mark.parametrize(\"width, height\", resolution)\n    @pytest.mark.parametrize(\"img\", start_img_pc)\n    @pytest.mark.parametrize(\"browser\", [False, True],\n                             ids=[\"normal_mode\", \"incognito_mode\"],\n                             indirect=True)\n    def test_img_visibility(self, start_p, img, width, height):\n        \"\"\"Verify visibility of the images (Logo, Main).\"\"\"\n        logo_img = start_p.get_element(img)\n    \n        with allure.step(\"Verify visibility of the image\"):\n>           assert start_p.check_image_visibility(logo_img, start_p.driver)\nE           assert False\nE            +  where False = <bound method StartPage.check_image_visibility of <pages.start_page.StartPage object at 0x7f9a242595d0>>(<selenium.webdriver.remote.webelement.WebElement (session=\"a24ae1f83d6fc38d824d698dccf5e221\", element=\"5cb2b3c2-223b-48b6-ba4e-d8ab3eee9933\")>, <selenium.webdriver.chrome.webdriver.WebDriver (session=\"a24ae1f83d6fc38d824d698dccf5e221\")>)\nE            +    where <bound method StartPage.check_image_visibility of <pages.start_page.StartPage object at 0x7f9a242595d0>> = <pages.start_page.StartPage object at 0x7f9a242595d0>.check_image_visibility\nE            +    and   <selenium.webdriver.chrome.webdriver.WebDriver (session=\"a24ae1f83d6fc38d824d698dccf5e221\")> = <pages.start_page.StartPage object at 0x7f9a242595d0>.driver\n\ntests/test_start_page.py:116: AssertionError",
  "flaky" : false,
  "newFailed" : false,
  "beforeStages" : [ {
    "name" : "start_p",
    "time" : {
      "start" : 1721236955877,
      "stop" : 1721236957127,
      "duration" : 1250
    },
    "status" : "passed",
    "steps" : [ {
      "name" : "Go to site",
      "time" : {
        "start" : 1721236955980,
        "stop" : 1721236957119,
        "duration" : 1139
      },
      "status" : "passed",
      "steps" : [ ],
      "attachments" : [ ],
      "parameters" : [ ],
      "attachmentsCount" : 0,
      "shouldDisplayMessage" : false,
      "stepsCount" : 0,
      "hasContent" : false
    } ],
    "attachments" : [ ],
    "parameters" : [ ],
    "attachmentsCount" : 0,
    "shouldDisplayMessage" : false,
    "stepsCount" : 1,
    "hasContent" : true
  }, {
    "name" : "browser",
    "time" : {
      "start" : 1721236955534,
      "stop" : 1721236955877,
      "duration" : 343
    },
    "status" : "passed",
    "steps" : [ ],
    "attachments" : [ ],
    "parameters" : [ ],
    "attachmentsCount" : 0,
    "shouldDisplayMessage" : false,
    "stepsCount" : 0,
    "hasContent" : false
  } ],
  "testStage" : {
    "description" : "Verify visibility of the images (Logo, Main).",
    "status" : "failed",
    "statusMessage" : "AssertionError: assert False\n +  where False = <bound method StartPage.check_image_visibility of <pages.start_page.StartPage object at 0x7f9a242595d0>>(<selenium.webdriver.remote.webelement.WebElement (session=\"a24ae1f83d6fc38d824d698dccf5e221\", element=\"5cb2b3c2-223b-48b6-ba4e-d8ab3eee9933\")>, <selenium.webdriver.chrome.webdriver.WebDriver (session=\"a24ae1f83d6fc38d824d698dccf5e221\")>)\n +    where <bound method StartPage.check_image_visibility of <pages.start_page.StartPage object at 0x7f9a242595d0>> = <pages.start_page.StartPage object at 0x7f9a242595d0>.check_image_visibility\n +    and   <selenium.webdriver.chrome.webdriver.WebDriver (session=\"a24ae1f83d6fc38d824d698dccf5e221\")> = <pages.start_page.StartPage object at 0x7f9a242595d0>.driver",
    "statusTrace" : "self = <tests.test_start_page.TestStartPage object at 0x7f9a2450df50>\nstart_p = <pages.start_page.StartPage object at 0x7f9a242595d0>\nimg = \"//img[@alt='Логотип']\", width = 1024, height = 1366\n\n    @pytest.mark.parametrize(\"width, height\", resolution)\n    @pytest.mark.parametrize(\"img\", start_img_pc)\n    @pytest.mark.parametrize(\"browser\", [False, True],\n                             ids=[\"normal_mode\", \"incognito_mode\"],\n                             indirect=True)\n    def test_img_visibility(self, start_p, img, width, height):\n        \"\"\"Verify visibility of the images (Logo, Main).\"\"\"\n        logo_img = start_p.get_element(img)\n    \n        with allure.step(\"Verify visibility of the image\"):\n>           assert start_p.check_image_visibility(logo_img, start_p.driver)\nE           assert False\nE            +  where False = <bound method StartPage.check_image_visibility of <pages.start_page.StartPage object at 0x7f9a242595d0>>(<selenium.webdriver.remote.webelement.WebElement (session=\"a24ae1f83d6fc38d824d698dccf5e221\", element=\"5cb2b3c2-223b-48b6-ba4e-d8ab3eee9933\")>, <selenium.webdriver.chrome.webdriver.WebDriver (session=\"a24ae1f83d6fc38d824d698dccf5e221\")>)\nE            +    where <bound method StartPage.check_image_visibility of <pages.start_page.StartPage object at 0x7f9a242595d0>> = <pages.start_page.StartPage object at 0x7f9a242595d0>.check_image_visibility\nE            +    and   <selenium.webdriver.chrome.webdriver.WebDriver (session=\"a24ae1f83d6fc38d824d698dccf5e221\")> = <pages.start_page.StartPage object at 0x7f9a242595d0>.driver\n\ntests/test_start_page.py:116: AssertionError",
    "steps" : [ {
      "name" : "Verify visibility of the image",
      "time" : {
        "start" : 1721236957150,
        "stop" : 1721236957168,
        "duration" : 18
      },
      "status" : "failed",
      "statusMessage" : "AssertionError: assert False\n +  where False = <bound method StartPage.check_image_visibility of <pages.start_page.StartPage object at 0x7f9a242595d0>>(<selenium.webdriver.remote.webelement.WebElement (session=\"a24ae1f83d6fc38d824d698dccf5e221\", element=\"5cb2b3c2-223b-48b6-ba4e-d8ab3eee9933\")>, <selenium.webdriver.chrome.webdriver.WebDriver (session=\"a24ae1f83d6fc38d824d698dccf5e221\")>)\n +    where <bound method StartPage.check_image_visibility of <pages.start_page.StartPage object at 0x7f9a242595d0>> = <pages.start_page.StartPage object at 0x7f9a242595d0>.check_image_visibility\n +    and   <selenium.webdriver.chrome.webdriver.WebDriver (session=\"a24ae1f83d6fc38d824d698dccf5e221\")> = <pages.start_page.StartPage object at 0x7f9a242595d0>.driver\n",
      "statusTrace" : "  File \"/usr/workspace/tests/test_start_page.py\", line 116, in test_img_visibility\n    assert start_p.check_image_visibility(logo_img, start_p.driver)\n",
      "steps" : [ {
        "name" : "Check image visibility",
        "time" : {
          "start" : 1721236957150,
          "stop" : 1721236957168,
          "duration" : 18
        },
        "status" : "passed",
        "steps" : [ ],
        "attachments" : [ ],
        "parameters" : [ {
          "name" : "element",
          "value" : "<selenium.webdriver.remote.webelement.WebElement (session=\"a24ae1f83d6fc38d824d698dccf5e221\", element=\"5cb2b3c2-223b-48b6-ba4e-d8ab3eee9933\")>"
        }, {
          "name" : "driver",
          "value" : "<selenium.webdriver.chrome.webdriver.WebDriver (session=\"a24ae1f83d6fc38d824d698dccf5e221\")>"
        } ],
        "attachmentsCount" : 0,
        "shouldDisplayMessage" : false,
        "stepsCount" : 0,
        "hasContent" : true
      } ],
      "attachments" : [ ],
      "parameters" : [ ],
      "attachmentsCount" : 0,
      "shouldDisplayMessage" : true,
      "stepsCount" : 1,
      "hasContent" : true
    } ],
    "attachments" : [ ],
    "parameters" : [ ],
    "attachmentsCount" : 0,
    "shouldDisplayMessage" : true,
    "stepsCount" : 2,
    "hasContent" : true
  },
  "afterStages" : [ {
    "name" : "browser::0",
    "time" : {
      "start" : 1721236957173,
      "stop" : 1721236957327,
      "duration" : 154
    },
    "status" : "passed",
    "steps" : [ ],
    "attachments" : [ {
      "uid" : "ea5adadb703195b9",
      "name" : "Screenshot <class 'datetime.datetime'>",
      "source" : "ea5adadb703195b9.png",
      "type" : "image/png",
      "size" : 51364
    }, {
      "uid" : "d0c2a6996d3869a9",
      "name" : "Browser Logs",
      "source" : "d0c2a6996d3869a9.txt",
      "type" : "text/plain",
      "size" : 2
    } ],
    "parameters" : [ ],
    "attachmentsCount" : 2,
    "shouldDisplayMessage" : false,
    "stepsCount" : 0,
    "hasContent" : true
  } ],
  "labels" : [ {
    "name" : "parentSuite",
    "value" : "tests"
  }, {
    "name" : "suite",
    "value" : "test_start_page"
  }, {
    "name" : "subSuite",
    "value" : "TestStartPage"
  }, {
    "name" : "host",
    "value" : "637d2c564b90"
  }, {
    "name" : "thread",
    "value" : "1-MainThread"
  }, {
    "name" : "framework",
    "value" : "pytest"
  }, {
    "name" : "language",
    "value" : "cpython3"
  }, {
    "name" : "package",
    "value" : "tests.test_start_page"
  }, {
    "name" : "resultFormat",
    "value" : "allure2"
  } ],
  "parameters" : [ {
    "name" : "browser",
    "value" : "False"
  }, {
    "name" : "height",
    "value" : "1366"
  }, {
    "name" : "img",
    "value" : "'//img[@alt='Логотип']'"
  }, {
    "name" : "width",
    "value" : "1024"
  } ],
  "links" : [ ],
  "hidden" : false,
  "retry" : false,
  "extra" : {
    "severity" : "normal",
    "retries" : [ ],
    "categories" : [ {
      "name" : "Product defects",
      "matchedStatuses" : [ ],
      "flaky" : false
    } ],
    "tags" : [ ]
  },
  "source" : "e53882856628cbb2.json",
  "parameterValues" : [ "False", "1366", "'//img[@alt='Логотип']'", "1024" ]
}