{
  "uid" : "fd3c218d2418d014",
  "name" : "test_navbar_menu_links[500x640-About app]",
  "fullName" : "tests.test_start_page.TestStartPage#test_navbar_menu_links",
  "historyId" : "98535e5ef7958fbc8b2eb56721dad578",
  "time" : {
    "start" : 1721230621127,
    "stop" : 1721230631236,
    "duration" : 10109
  },
  "description" : "Verify redirection using Navbar menu links.",
  "descriptionHtml" : "<p>Verify redirection using Navbar menu links.</p>\n",
  "status" : "broken",
  "statusMessage" : "selenium.common.exceptions.TimeoutException: Message:",
  "statusTrace" : "self = <tests.test_start_page.TestStartPage object at 0x7facaeae77d0>\nstart_p = <pages.start_page.StartPage object at 0x7facae7f5090>, width = 500\nheight = 640, lnk = \"//p[contains(text(),'О приложении')]\"\nexp_url = 'https://dev.freenance.store/aboutApp'\n\n    @pytest.mark.parametrize(\"lnk, exp_url\", header_links)\n    @pytest.mark.parametrize('width, height', window_width_navbar)\n    def test_navbar_menu_links(self, start_p, width, height, lnk, exp_url):\n        \"\"\"Verify redirection using Navbar menu links.\"\"\"\n        with allure.step(\"Click Navbar meny icon\"):\n            start_p.get_element(start_p.NAVBAR_BURGER).click()\n    \n        with allure.step(\"Click Navbar meny link\"):\n            start_p.get_element(lnk).click()\n    \n        with allure.step(f\"Verify redirection to {exp_url}\"):\n>           start_p.is_opened(exp_url)\n\ntests/test_start_page.py:180: \n_ _ _ _ _ _ _ _ _ _ _ _ _ _ _ _ _ _ _ _ _ _ _ _ _ _ _ _ _ _ _ _ _ _ _ _ _ _ _ _ \npages/main.py:53: in is_opened\n    self.wait.until(Ec.url_to_be(url))\n_ _ _ _ _ _ _ _ _ _ _ _ _ _ _ _ _ _ _ _ _ _ _ _ _ _ _ _ _ _ _ _ _ _ _ _ _ _ _ _ \n\nself = <selenium.webdriver.support.wait.WebDriverWait (session=\"72594e65b4b50290ab4017c71f91530c\")>\nmethod = <function url_to_be.<locals>._predicate at 0x7facaf927740>\nmessage = ''\n\n    def until(self, method: Callable[[D], Union[Literal[False], T]], message: str = \"\") -> T:\n        \"\"\"Calls the method provided with the driver as an argument until the \\\n        return value does not evaluate to ``False``.\n    \n        :param method: callable(WebDriver)\n        :param message: optional message for :exc:`TimeoutException`\n        :returns: the result of the last call to `method`\n        :raises: :exc:`selenium.common.exceptions.TimeoutException` if timeout occurs\n        \"\"\"\n        screen = None\n        stacktrace = None\n    \n        end_time = time.monotonic() + self._timeout\n        while True:\n            try:\n                value = method(self._driver)\n                if value:\n                    return value\n            except self._ignored_exceptions as exc:\n                screen = getattr(exc, \"screen\", None)\n                stacktrace = getattr(exc, \"stacktrace\", None)\n            time.sleep(self._poll)\n            if time.monotonic() > end_time:\n                break\n>       raise TimeoutException(message, screen, stacktrace)\nE       selenium.common.exceptions.TimeoutException: Message:\n\n../local/lib/python3.11/site-packages/selenium/webdriver/support/wait.py:105: TimeoutException",
  "flaky" : false,
  "newFailed" : false,
  "beforeStages" : [ {
    "name" : "start_p",
    "time" : {
      "start" : 1721230619735,
      "stop" : 1721230621126,
      "duration" : 1391
    },
    "status" : "passed",
    "steps" : [ {
      "name" : "Go to site",
      "time" : {
        "start" : 1721230619837,
        "stop" : 1721230621110,
        "duration" : 1273
      },
      "status" : "passed",
      "steps" : [ ],
      "attachments" : [ ],
      "parameters" : [ ],
      "hasContent" : false,
      "stepsCount" : 0,
      "attachmentsCount" : 0,
      "shouldDisplayMessage" : false
    } ],
    "attachments" : [ ],
    "parameters" : [ ],
    "hasContent" : true,
    "stepsCount" : 1,
    "attachmentsCount" : 0,
    "shouldDisplayMessage" : false
  }, {
    "name" : "browser",
    "time" : {
      "start" : 1721230619387,
      "stop" : 1721230619734,
      "duration" : 347
    },
    "status" : "passed",
    "steps" : [ ],
    "attachments" : [ ],
    "parameters" : [ ],
    "hasContent" : false,
    "stepsCount" : 0,
    "attachmentsCount" : 0,
    "shouldDisplayMessage" : false
  } ],
  "testStage" : {
    "description" : "Verify redirection using Navbar menu links.",
    "status" : "broken",
    "statusMessage" : "selenium.common.exceptions.TimeoutException: Message:",
    "statusTrace" : "self = <tests.test_start_page.TestStartPage object at 0x7facaeae77d0>\nstart_p = <pages.start_page.StartPage object at 0x7facae7f5090>, width = 500\nheight = 640, lnk = \"//p[contains(text(),'О приложении')]\"\nexp_url = 'https://dev.freenance.store/aboutApp'\n\n    @pytest.mark.parametrize(\"lnk, exp_url\", header_links)\n    @pytest.mark.parametrize('width, height', window_width_navbar)\n    def test_navbar_menu_links(self, start_p, width, height, lnk, exp_url):\n        \"\"\"Verify redirection using Navbar menu links.\"\"\"\n        with allure.step(\"Click Navbar meny icon\"):\n            start_p.get_element(start_p.NAVBAR_BURGER).click()\n    \n        with allure.step(\"Click Navbar meny link\"):\n            start_p.get_element(lnk).click()\n    \n        with allure.step(f\"Verify redirection to {exp_url}\"):\n>           start_p.is_opened(exp_url)\n\ntests/test_start_page.py:180: \n_ _ _ _ _ _ _ _ _ _ _ _ _ _ _ _ _ _ _ _ _ _ _ _ _ _ _ _ _ _ _ _ _ _ _ _ _ _ _ _ \npages/main.py:53: in is_opened\n    self.wait.until(Ec.url_to_be(url))\n_ _ _ _ _ _ _ _ _ _ _ _ _ _ _ _ _ _ _ _ _ _ _ _ _ _ _ _ _ _ _ _ _ _ _ _ _ _ _ _ \n\nself = <selenium.webdriver.support.wait.WebDriverWait (session=\"72594e65b4b50290ab4017c71f91530c\")>\nmethod = <function url_to_be.<locals>._predicate at 0x7facaf927740>\nmessage = ''\n\n    def until(self, method: Callable[[D], Union[Literal[False], T]], message: str = \"\") -> T:\n        \"\"\"Calls the method provided with the driver as an argument until the \\\n        return value does not evaluate to ``False``.\n    \n        :param method: callable(WebDriver)\n        :param message: optional message for :exc:`TimeoutException`\n        :returns: the result of the last call to `method`\n        :raises: :exc:`selenium.common.exceptions.TimeoutException` if timeout occurs\n        \"\"\"\n        screen = None\n        stacktrace = None\n    \n        end_time = time.monotonic() + self._timeout\n        while True:\n            try:\n                value = method(self._driver)\n                if value:\n                    return value\n            except self._ignored_exceptions as exc:\n                screen = getattr(exc, \"screen\", None)\n                stacktrace = getattr(exc, \"stacktrace\", None)\n            time.sleep(self._poll)\n            if time.monotonic() > end_time:\n                break\n>       raise TimeoutException(message, screen, stacktrace)\nE       selenium.common.exceptions.TimeoutException: Message:\n\n../local/lib/python3.11/site-packages/selenium/webdriver/support/wait.py:105: TimeoutException",
    "steps" : [ {
      "name" : "Click Navbar meny icon",
      "time" : {
        "start" : 1721230621127,
        "stop" : 1721230621169,
        "duration" : 42
      },
      "status" : "passed",
      "steps" : [ ],
      "attachments" : [ ],
      "parameters" : [ ],
      "hasContent" : false,
      "stepsCount" : 0,
      "attachmentsCount" : 0,
      "shouldDisplayMessage" : false
    }, {
      "name" : "Click Navbar meny link",
      "time" : {
        "start" : 1721230621169,
        "stop" : 1721230621207,
        "duration" : 38
      },
      "status" : "passed",
      "steps" : [ ],
      "attachments" : [ ],
      "parameters" : [ ],
      "hasContent" : false,
      "stepsCount" : 0,
      "attachmentsCount" : 0,
      "shouldDisplayMessage" : false
    }, {
      "name" : "Verify redirection to https://dev.freenance.store/aboutApp",
      "time" : {
        "start" : 1721230621207,
        "stop" : 1721230631236,
        "duration" : 10029
      },
      "status" : "broken",
      "statusMessage" : "selenium.common.exceptions.TimeoutException: Message: \n\n",
      "statusTrace" : "  File \"/usr/workspace/tests/test_start_page.py\", line 180, in test_navbar_menu_links\n    start_p.is_opened(exp_url)\n  File \"/usr/workspace/pages/main.py\", line 53, in is_opened\n    self.wait.until(Ec.url_to_be(url))\n  File \"/usr/local/lib/python3.11/site-packages/selenium/webdriver/support/wait.py\", line 105, in until\n    raise TimeoutException(message, screen, stacktrace)\n",
      "steps" : [ ],
      "attachments" : [ ],
      "parameters" : [ ],
      "hasContent" : true,
      "stepsCount" : 0,
      "attachmentsCount" : 0,
      "shouldDisplayMessage" : true
    } ],
    "attachments" : [ ],
    "parameters" : [ ],
    "hasContent" : true,
    "stepsCount" : 3,
    "attachmentsCount" : 0,
    "shouldDisplayMessage" : true
  },
  "afterStages" : [ {
    "name" : "browser::0",
    "time" : {
      "start" : 1721230631245,
      "stop" : 1721230631331,
      "duration" : 86
    },
    "status" : "passed",
    "steps" : [ ],
    "attachments" : [ {
      "uid" : "c2315ebd4561c97d",
      "name" : "Screenshot <class 'datetime.datetime'>",
      "source" : "c2315ebd4561c97d.png",
      "type" : "image/png",
      "size" : 32463
    }, {
      "uid" : "765dd6b41728e610",
      "name" : "Browser Logs",
      "source" : "765dd6b41728e610.txt",
      "type" : "text/plain",
      "size" : 2
    } ],
    "parameters" : [ ],
    "hasContent" : true,
    "stepsCount" : 0,
    "attachmentsCount" : 2,
    "shouldDisplayMessage" : false
  } ],
  "labels" : [ {
    "name" : "parentSuite",
    "value" : "tests"
  }, {
    "name" : "suite",
    "value" : "test_start_page"
  }, {
    "name" : "subSuite",
    "value" : "TestStartPage"
  }, {
    "name" : "host",
    "value" : "5468e063e641"
  }, {
    "name" : "thread",
    "value" : "1-MainThread"
  }, {
    "name" : "framework",
    "value" : "pytest"
  }, {
    "name" : "language",
    "value" : "cpython3"
  }, {
    "name" : "package",
    "value" : "tests.test_start_page"
  }, {
    "name" : "resultFormat",
    "value" : "allure2"
  } ],
  "parameters" : [ {
    "name" : "exp_url",
    "value" : "'https://dev.freenance.store/aboutApp'"
  }, {
    "name" : "height",
    "value" : "640"
  }, {
    "name" : "lnk",
    "value" : "'//p[contains(text(),'О приложении')]'"
  }, {
    "name" : "width",
    "value" : "500"
  } ],
  "links" : [ ],
  "hidden" : false,
  "retry" : false,
  "extra" : {
    "severity" : "normal",
    "retries" : [ ],
    "categories" : [ {
      "name" : "Test defects",
      "matchedStatuses" : [ ],
      "flaky" : false
    } ],
    "tags" : [ ]
  },
  "source" : "fd3c218d2418d014.json",
  "parameterValues" : [ "'https://dev.freenance.store/aboutApp'", "640", "'//p[contains(text(),'О приложении')]'", "500" ]
}